<?xml version="1.0" encoding="UTF-8"?>
<!-- Generated by org.testng.reporters.JUnitReportReporter -->
<testsuite hostname="PIO-L-4110" failures="0" tests="6" name="com.nucleus.qa.testcases.InfinityTest" time="1527.905" errors="0" timestamp="2024-10-30T15:27:25 IST" skipped="0">
  <testcase classname="com.nucleus.qa.testcases.InfinityTest" name="TestCase1" time="313.469"/>
  <testcase classname="com.nucleus.qa.testcases.InfinityTest" name="TestCase3" time="39.300"/>
  <testcase classname="com.nucleus.qa.testcases.InfinityTest" name="TestCase5" time="277.490"/>
  <testcase classname="com.nucleus.qa.testcases.InfinityTest" name="TestCase6" time="344.911"/>
  <testcase classname="com.nucleus.qa.testcases.InfinityTest" name="TestCase2" time="229.670"/>
  <testcase classname="com.nucleus.qa.testcases.InfinityTest" name="TestCase4" time="323.065"/>
</testsuite> <!-- com.nucleus.qa.testcases.InfinityTest -->
