<?xml version="1.0" encoding="UTF-8"?>
<!-- Generated by org.testng.reporters.JUnitReportReporter -->
<testsuite hostname="PIO-L-4110" failures="0" tests="5" name="com.nucleus.qa.testcases.InfinityTestTele" time="1014.208" errors="0" timestamp="2024-11-06T20:12:04 IST" skipped="1">
  <testcase classname="com.nucleus.qa.testcases.InfinityTestTele" name="TestCase2" time="252.453"/>
  <testcase classname="com.nucleus.qa.testcases.InfinityTestTele" name="TestCase5" time="255.634"/>
  <testcase classname="com.nucleus.qa.testcases.InfinityTestTele" name="TestCase3" time="251.175"/>
  <testcase classname="com.nucleus.qa.testcases.InfinityTestTele" name="TestCase4" time="254.946"/>
  <testcase classname="com.nucleus.qa.testcases.InfinityTestTele" name="TestCase1">
    <skipped/>
  </testcase> <!-- TestCase1 -->
</testsuite> <!-- com.nucleus.qa.testcases.InfinityTestTele -->
