<?xml version="1.0" encoding="UTF-8"?>
<!-- Generated by org.testng.reporters.JUnitReportReporter -->
<testsuite hostname="PIO-L-4110" failures="0" tests="15" name="com.nucleus.qa.testcases.InfinityTestTele" time="3473.738" errors="0" timestamp="2024-11-04T14:32:24 IST" skipped="0">
  <testcase classname="com.nucleus.qa.testcases.InfinityTestTele" name="TestCase1" time="232.693"/>
  <testcase classname="com.nucleus.qa.testcases.InfinityTestTele" name="TestCase2" time="240.114"/>
  <testcase classname="com.nucleus.qa.testcases.InfinityTestTele" name="TestCase4" time="305.631"/>
  <testcase classname="com.nucleus.qa.testcases.InfinityTestTele" name="TestCase12" time="240.788"/>
  <testcase classname="com.nucleus.qa.testcases.InfinityTestTele" name="TestCase14" time="243.409"/>
  <testcase classname="com.nucleus.qa.testcases.InfinityTestTele" name="TestCase9" time="252.177"/>
  <testcase classname="com.nucleus.qa.testcases.InfinityTestTele" name="TestCase11" time="115.374"/>
  <testcase classname="com.nucleus.qa.testcases.InfinityTestTele" name="TestCase10" time="243.497"/>
  <testcase classname="com.nucleus.qa.testcases.InfinityTestTele" name="TestCase6" time="266.133"/>
  <testcase classname="com.nucleus.qa.testcases.InfinityTestTele" name="TestCase15" time="122.523"/>
  <testcase classname="com.nucleus.qa.testcases.InfinityTestTele" name="TestCase5" time="249.680"/>
  <testcase classname="com.nucleus.qa.testcases.InfinityTestTele" name="TestCase8" time="284.433"/>
  <testcase classname="com.nucleus.qa.testcases.InfinityTestTele" name="TestCase7" time="245.720"/>
  <testcase classname="com.nucleus.qa.testcases.InfinityTestTele" name="TestCase13" time="195.923"/>
  <testcase classname="com.nucleus.qa.testcases.InfinityTestTele" name="TestCase3" time="235.643"/>
</testsuite> <!-- com.nucleus.qa.testcases.InfinityTestTele -->
