<?xml version="1.0" encoding="UTF-8"?>
<!-- Generated by org.testng.reporters.JUnitReportReporter -->
<testsuite hostname="PIO-L-4110" failures="0" tests="25" name="com.nucleus.qa.testcases.SignUp" time="504.477" errors="0" timestamp="2025-01-24T17:42:52 IST" skipped="19">
  <testcase classname="com.nucleus.qa.testcases.SignUp" name="TestCase2" time="134.817"/>
  <testcase classname="com.nucleus.qa.testcases.SignUp" name="TestCase6" time="64.872"/>
  <testcase classname="com.nucleus.qa.testcases.SignUp" name="TestCase1" time="127.299"/>
  <testcase classname="com.nucleus.qa.testcases.SignUp" name="TestCase3" time="69.180"/>
  <testcase classname="com.nucleus.qa.testcases.SignUp" name="TestCase5" time="79.789"/>
  <testcase classname="com.nucleus.qa.testcases.SignUp" name="TestCase4" time="28.520"/>
  <testcase classname="com.nucleus.qa.testcases.SignUp" name="TestCase22">
    <skipped/>
  </testcase> <!-- TestCase22 -->
  <testcase classname="com.nucleus.qa.testcases.SignUp" name="TestCase11">
    <skipped/>
  </testcase> <!-- TestCase11 -->
  <testcase classname="com.nucleus.qa.testcases.SignUp" name="TestCase23">
    <skipped/>
  </testcase> <!-- TestCase23 -->
  <testcase classname="com.nucleus.qa.testcases.SignUp" name="TestCase12">
    <skipped/>
  </testcase> <!-- TestCase12 -->
  <testcase classname="com.nucleus.qa.testcases.SignUp" name="TestCase17">
    <skipped/>
  </testcase> <!-- TestCase17 -->
  <testcase classname="com.nucleus.qa.testcases.SignUp" name="TestCase18">
    <skipped/>
  </testcase> <!-- TestCase18 -->
  <testcase classname="com.nucleus.qa.testcases.SignUp" name="TestCase24">
    <skipped/>
  </testcase> <!-- TestCase24 -->
  <testcase classname="com.nucleus.qa.testcases.SignUp" name="TestCase13">
    <skipped/>
  </testcase> <!-- TestCase13 -->
  <testcase classname="com.nucleus.qa.testcases.SignUp" name="TestCase14">
    <skipped/>
  </testcase> <!-- TestCase14 -->
  <testcase classname="com.nucleus.qa.testcases.SignUp" name="TestCase25">
    <skipped/>
  </testcase> <!-- TestCase25 -->
  <testcase classname="com.nucleus.qa.testcases.SignUp" name="TestCase15">
    <skipped/>
  </testcase> <!-- TestCase15 -->
  <testcase classname="com.nucleus.qa.testcases.SignUp" name="TestCase16">
    <skipped/>
  </testcase> <!-- TestCase16 -->
  <testcase classname="com.nucleus.qa.testcases.SignUp" name="TestCase20">
    <skipped/>
  </testcase> <!-- TestCase20 -->
  <testcase classname="com.nucleus.qa.testcases.SignUp" name="TestCase21">
    <skipped/>
  </testcase> <!-- TestCase21 -->
  <testcase classname="com.nucleus.qa.testcases.SignUp" name="TestCase10">
    <skipped/>
  </testcase> <!-- TestCase10 -->
  <testcase classname="com.nucleus.qa.testcases.SignUp" name="TestCase7">
    <skipped/>
  </testcase> <!-- TestCase7 -->
  <testcase classname="com.nucleus.qa.testcases.SignUp" name="TestCase9">
    <skipped/>
  </testcase> <!-- TestCase9 -->
  <testcase classname="com.nucleus.qa.testcases.SignUp" name="TestCase8">
    <skipped/>
  </testcase> <!-- TestCase8 -->
  <testcase classname="com.nucleus.qa.testcases.SignUp" name="TestCase19">
    <skipped/>
  </testcase> <!-- TestCase19 -->
</testsuite> <!-- com.nucleus.qa.testcases.SignUp -->
