<?xml version="1.0" encoding="UTF-8"?>
<!-- Generated by org.testng.reporters.JUnitReportReporter -->
<testsuite hostname="PIO-L-4110" failures="0" tests="10" name="com.nucleus.qa.testcases.LoginPageTest" time="171.772" errors="0" timestamp="2024-10-14T19:42:07 IST" skipped="9">
  <testcase classname="com.nucleus.qa.testcases.LoginPageTest" name="TestCase1" time="171.772"/>
  <testcase classname="com.nucleus.qa.testcases.LoginPageTest" name="TestCase5">
    <skipped/>
  </testcase> <!-- TestCase5 -->
  <testcase classname="com.nucleus.qa.testcases.LoginPageTest" name="TestCase4">
    <skipped/>
  </testcase> <!-- TestCase4 -->
  <testcase classname="com.nucleus.qa.testcases.LoginPageTest" name="TestCase3">
    <skipped/>
  </testcase> <!-- TestCase3 -->
  <testcase classname="com.nucleus.qa.testcases.LoginPageTest" name="TestCase2">
    <skipped/>
  </testcase> <!-- TestCase2 -->
  <testcase classname="com.nucleus.qa.testcases.LoginPageTest" name="TestCase9">
    <skipped/>
  </testcase> <!-- TestCase9 -->
  <testcase classname="com.nucleus.qa.testcases.LoginPageTest" name="TestCase8">
    <skipped/>
  </testcase> <!-- TestCase8 -->
  <testcase classname="com.nucleus.qa.testcases.LoginPageTest" name="TestCase7">
    <skipped/>
  </testcase> <!-- TestCase7 -->
  <testcase classname="com.nucleus.qa.testcases.LoginPageTest" name="TestCase6">
    <skipped/>
  </testcase> <!-- TestCase6 -->
  <testcase classname="com.nucleus.qa.testcases.LoginPageTest" name="TestCase10">
    <skipped/>
  </testcase> <!-- TestCase10 -->
</testsuite> <!-- com.nucleus.qa.testcases.LoginPageTest -->
