<?xml version="1.0" encoding="UTF-8"?>
<!-- Generated by org.testng.reporters.JUnitReportReporter -->
<testsuite hostname="PIO-L-4110" failures="0" tests="10" name="com.nucleus.qa.testcases.LoginPageTest" time="7.165" errors="0" timestamp="2025-01-21T13:25:09 IST" skipped="5">
  <testcase classname="com.nucleus.qa.testcases.LoginPageTest" name="TestCase3" time="1.278"/>
  <testcase classname="com.nucleus.qa.testcases.LoginPageTest" name="TestCase1" time="1.514"/>
  <testcase classname="com.nucleus.qa.testcases.LoginPageTest" name="TestCase2" time="1.729"/>
  <testcase classname="com.nucleus.qa.testcases.LoginPageTest" name="TestCase5" time="1.261"/>
  <testcase classname="com.nucleus.qa.testcases.LoginPageTest" name="TestCase4" time="1.383"/>
  <testcase classname="com.nucleus.qa.testcases.LoginPageTest" name="TestCase10">
    <skipped/>
  </testcase> <!-- TestCase10 -->
  <testcase classname="com.nucleus.qa.testcases.LoginPageTest" name="TestCase9">
    <skipped/>
  </testcase> <!-- TestCase9 -->
  <testcase classname="com.nucleus.qa.testcases.LoginPageTest" name="TestCase8">
    <skipped/>
  </testcase> <!-- TestCase8 -->
  <testcase classname="com.nucleus.qa.testcases.LoginPageTest" name="TestCase7">
    <skipped/>
  </testcase> <!-- TestCase7 -->
  <testcase classname="com.nucleus.qa.testcases.LoginPageTest" name="TestCase6">
    <skipped/>
  </testcase> <!-- TestCase6 -->
</testsuite> <!-- com.nucleus.qa.testcases.LoginPageTest -->
