<?xml version="1.0" encoding="UTF-8"?>
<!-- Generated by org.testng.reporters.JUnitReportReporter -->
<testsuite hostname="PIO-L-4110" failures="0" tests="12" name="com.nucleus.qa.testcases.CoreSystemTesting" time="828.366" errors="0" timestamp="2024-10-23T12:07:12 IST" skipped="0">
  <testcase classname="com.nucleus.qa.testcases.CoreSystemTesting" name="TestCase3" time="135.380"/>
  <testcase classname="com.nucleus.qa.testcases.CoreSystemTesting" name="TestCase9" time="74.432"/>
  <testcase classname="com.nucleus.qa.testcases.CoreSystemTesting" name="TestCase5" time="63.847"/>
  <testcase classname="com.nucleus.qa.testcases.CoreSystemTesting" name="TestCase6" time="102.109"/>
  <testcase classname="com.nucleus.qa.testcases.CoreSystemTesting" name="TestCase12" time="48.621"/>
  <testcase classname="com.nucleus.qa.testcases.CoreSystemTesting" name="TestCase1" time="61.035"/>
  <testcase classname="com.nucleus.qa.testcases.CoreSystemTesting" name="TestCase11" time="43.661"/>
  <testcase classname="com.nucleus.qa.testcases.CoreSystemTesting" name="TestCase4" time="59.996"/>
  <testcase classname="com.nucleus.qa.testcases.CoreSystemTesting" name="TestCase8" time="59.711"/>
  <testcase classname="com.nucleus.qa.testcases.CoreSystemTesting" name="TestCase7" time="54.946"/>
  <testcase classname="com.nucleus.qa.testcases.CoreSystemTesting" name="TestCase10" time="89.153"/>
  <testcase classname="com.nucleus.qa.testcases.CoreSystemTesting" name="TestCase2" time="35.475"/>
</testsuite> <!-- com.nucleus.qa.testcases.CoreSystemTesting -->
