<?xml version="1.0" encoding="UTF-8"?>
<!-- Generated by org.testng.reporters.JUnitReportReporter -->
<testsuite hostname="PIO-L-4110" failures="0" tests="12" name="com.nucleus.qa.testcases.CoreSystemTesting" time="787.293" errors="0" timestamp="2024-11-04T12:25:19 IST" skipped="0">
  <testcase classname="com.nucleus.qa.testcases.CoreSystemTesting" name="TestCase12" time="46.505"/>
  <testcase classname="com.nucleus.qa.testcases.CoreSystemTesting" name="TestCase4" time="56.909"/>
  <testcase classname="com.nucleus.qa.testcases.CoreSystemTesting" name="TestCase10" time="85.938"/>
  <testcase classname="com.nucleus.qa.testcases.CoreSystemTesting" name="TestCase1" time="64.471"/>
  <testcase classname="com.nucleus.qa.testcases.CoreSystemTesting" name="TestCase3" time="110.230"/>
  <testcase classname="com.nucleus.qa.testcases.CoreSystemTesting" name="TestCase7" time="52.816"/>
  <testcase classname="com.nucleus.qa.testcases.CoreSystemTesting" name="TestCase9" time="68.701"/>
  <testcase classname="com.nucleus.qa.testcases.CoreSystemTesting" name="TestCase2" time="37.245"/>
  <testcase classname="com.nucleus.qa.testcases.CoreSystemTesting" name="TestCase5" time="62.522"/>
  <testcase classname="com.nucleus.qa.testcases.CoreSystemTesting" name="TestCase8" time="56.978"/>
  <testcase classname="com.nucleus.qa.testcases.CoreSystemTesting" name="TestCase11" time="45.257"/>
  <testcase classname="com.nucleus.qa.testcases.CoreSystemTesting" name="TestCase6" time="99.721"/>
</testsuite> <!-- com.nucleus.qa.testcases.CoreSystemTesting -->
