<?xml version="1.0" encoding="UTF-8"?>
<!-- Generated by org.testng.reporters.JUnitReportReporter -->
<testsuite hostname="PIO-L-4110" failures="0" tests="10" name="com.nucleus.qa.testcases.LoginPageTest2" time="462.407" errors="0" timestamp="2024-10-22T13:14:29 IST" skipped="0">
  <testcase classname="com.nucleus.qa.testcases.LoginPageTest2" name="TestCase6" time="49.238"/>
  <testcase classname="com.nucleus.qa.testcases.LoginPageTest2" name="TestCase9" time="45.516"/>
  <testcase classname="com.nucleus.qa.testcases.LoginPageTest2" name="TestCase4" time="44.649"/>
  <testcase classname="com.nucleus.qa.testcases.LoginPageTest2" name="TestCase10" time="45.003"/>
  <testcase classname="com.nucleus.qa.testcases.LoginPageTest2" name="TestCase1" time="47.265"/>
  <testcase classname="com.nucleus.qa.testcases.LoginPageTest2" name="TestCase7" time="46.275"/>
  <testcase classname="com.nucleus.qa.testcases.LoginPageTest2" name="TestCase8" time="44.708"/>
  <testcase classname="com.nucleus.qa.testcases.LoginPageTest2" name="TestCase3" time="47.809"/>
  <testcase classname="com.nucleus.qa.testcases.LoginPageTest2" name="TestCase2" time="44.912"/>
  <testcase classname="com.nucleus.qa.testcases.LoginPageTest2" name="TestCase5" time="47.032"/>
</testsuite> <!-- com.nucleus.qa.testcases.LoginPageTest2 -->
