<?xml version="1.0" encoding="UTF-8"?>
<!-- Generated by org.testng.reporters.JUnitReportReporter -->
<testsuite hostname="PIO-L-4110" failures="0" tests="1" name="com.nucleus.qa.testcases.LoginPageTest2" time="192.785" errors="0" timestamp="2024-10-17T19:36:24 IST" skipped="0">
  <testcase classname="com.nucleus.qa.testcases.LoginPageTest2" name="TestCase6" time="192.785"/>
</testsuite> <!-- com.nucleus.qa.testcases.LoginPageTest2 -->
