<?xml version="1.0" encoding="UTF-8"?>
<!-- Generated by org.testng.reporters.JUnitReportReporter -->
<testsuite hostname="PIO-L-4110" failures="0" tests="3" name="com.nucleus.qa.testcases.Login1" time="26.729" errors="0" timestamp="2024-11-04T12:43:52 IST" skipped="2">
  <testcase classname="com.nucleus.qa.testcases.Login1" name="TestCase1" time="26.729"/>
  <testcase classname="com.nucleus.qa.testcases.Login1" name="TestCase2">
    <skipped/>
  </testcase> <!-- TestCase2 -->
  <testcase classname="com.nucleus.qa.testcases.Login1" name="TestCase3">
    <skipped/>
  </testcase> <!-- TestCase3 -->
</testsuite> <!-- com.nucleus.qa.testcases.Login1 -->
