<?xml version="1.0" encoding="UTF-8"?>
<!-- Generated by org.testng.reporters.JUnitReportReporter -->
<testsuite hostname="PIO-L-4110" failures="0" tests="3" name="com.nucleus.qa.testcases.Login1" time="118.205" errors="0" timestamp="2024-10-29T16:03:56 IST" skipped="2">
  <testcase classname="com.nucleus.qa.testcases.Login1" name="TestCase3" time="118.205"/>
  <testcase classname="com.nucleus.qa.testcases.Login1" name="TestCase1">
    <skipped/>
  </testcase> <!-- TestCase1 -->
  <testcase classname="com.nucleus.qa.testcases.Login1" name="TestCase2">
    <skipped/>
  </testcase> <!-- TestCase2 -->
</testsuite> <!-- com.nucleus.qa.testcases.Login1 -->
