<?xml version="1.0" encoding="UTF-8"?>
<!-- Generated by org.testng.reporters.JUnitReportReporter -->
<testsuite hostname="PIO-L-4110" failures="0" tests="1" name="com.nucleus.qa.testcases.InfinityTest" time="152.842" errors="0" timestamp="2025-01-28T19:32:25 IST" skipped="0">
  <testcase classname="com.nucleus.qa.testcases.InfinityTest" name="TestCase1" time="152.842"/>
</testsuite> <!-- com.nucleus.qa.testcases.InfinityTest -->
