<?xml version="1.0" encoding="UTF-8"?>
<!-- Generated by org.testng.reporters.JUnitReportReporter -->
<testsuite hostname="PIO-L-4110" failures="0" tests="1" name="com.nucleus.qa.testcases.LoginPageTest2" time="33.518" errors="0" timestamp="2025-01-22T12:44:17 IST" skipped="0">
  <testcase classname="com.nucleus.qa.testcases.LoginPageTest2" name="TestCase2" time="33.518"/>
</testsuite> <!-- com.nucleus.qa.testcases.LoginPageTest2 -->
