<?xml version="1.0" encoding="UTF-8"?>
<!-- Generated by org.testng.reporters.JUnitReportReporter -->
<testsuite hostname="PIO-L-4110" failures="0" tests="1" name="com.nucleus.qa.testcases.ExternalPortal" time="32.714" errors="0" timestamp="2025-01-28T19:37:08 IST" skipped="0">
  <testcase classname="com.nucleus.qa.testcases.ExternalPortal" name="TestCase1" time="32.714"/>
</testsuite> <!-- com.nucleus.qa.testcases.ExternalPortal -->
