<?xml version="1.0" encoding="UTF-8"?>
<!-- Generated by org.testng.reporters.JUnitReportReporter -->
<testsuite hostname="PIO-L-4110" failures="0" tests="3" name="com.nucleus.qa.testcases.InfinityTest" time="322.173" errors="0" timestamp="2024-10-23T17:17:38 IST" skipped="2">
  <testcase classname="com.nucleus.qa.testcases.InfinityTest" name="TestCase1" time="322.173"/>
  <testcase classname="com.nucleus.qa.testcases.InfinityTest" name="TestCase2">
    <skipped/>
  </testcase> <!-- TestCase2 -->
  <testcase classname="com.nucleus.qa.testcases.InfinityTest" name="TestCase3">
    <skipped/>
  </testcase> <!-- TestCase3 -->
</testsuite> <!-- com.nucleus.qa.testcases.InfinityTest -->
